<?xml version="1.0" encoding="utf-8" standalone="no"?>
<!--This file represents the results of running a test suite-->
<test-results name="D:\GIT\SICWEB_INDUMET\UnitTests\BL_Test.nunit" total="5" errors="0" failures="0" not-run="0" inconclusive="0" ignored="0" skipped="0" invalid="0" date="2014-02-21" time="15:39:30">
  <environment nunit-version="2.6.3.13283" clr-version="2.0.50727.5472" os-version="Microsoft Windows NT 6.1.7601 Service Pack 1" platform="Win32NT" cwd="C:\Program Files (x86)\NUnit 2.6.3\bin" machine-name="PC-005" user="allanco" user-domain="PC-005" />
  <culture-info current-culture="es-ES" current-uiculture="es-ES" />
  <test-suite type="Project" name="D:\GIT\SICWEB_INDUMET\UnitTests\BL_Test.nunit" executed="True" result="Success" success="True" time="0.653" asserts="0">
    <results>
      <test-suite type="Assembly" name="D:\GIT\SICWEB_INDUMET\UnitTests\..\SICSoftware\SICSoftware\BL_NUnit\bin\Debug\BL_NUnit.dll" executed="True" result="Success" success="True" time="0.630" asserts="0">
        <results>
          <test-suite type="Namespace" name="BL_NUnit" executed="True" result="Success" success="True" time="0.628" asserts="0">
            <results>
              <test-suite type="TestFixture" name="FacturacionAutomaticaBLTest" executed="True" result="Success" success="True" time="0.603" asserts="0">
                <results>
                  <test-case name="BL_NUnit.FacturacionAutomaticaBLTest.ListaPeriodo" executed="True" result="Success" success="True" time="0.026" asserts="0" />
                  <test-case name="BL_NUnit.FacturacionAutomaticaBLTest.PruebaBoleta" executed="True" result="Success" success="True" time="0.499" asserts="22" />
                  <test-case name="BL_NUnit.FacturacionAutomaticaBLTest.PruebaFactura" executed="True" result="Success" success="True" time="0.023" asserts="22" />
                </results>
              </test-suite>
              <test-suite type="TestFixture" name="MantenimientoEmpresaBLTest" executed="True" result="Success" success="True" time="0.016" asserts="0">
                <results>
                  <test-case name="BL_NUnit.MantenimientoEmpresaBLTest.PruebaValidarDireccionEmpresa" executed="True" result="Success" success="True" time="0.005" asserts="7" />
                  <test-case name="BL_NUnit.MantenimientoEmpresaBLTest.PruebValidarCentroCosto" executed="True" result="Success" success="True" time="0.002" asserts="5" />
                </results>
              </test-suite>
            </results>
          </test-suite>
        </results>
      </test-suite>
    </results>
  </test-suite>
</test-results>